[debug] [2021-05-03T11:18:56.139Z] ----------------------------------------------------------------------
[debug] [2021-05-03T11:18:56.141Z] Command:       /usr/local/bin/node /usr/local/bin/firebase init
[debug] [2021-05-03T11:18:56.142Z] CLI Version:   9.10.0
[debug] [2021-05-03T11:18:56.142Z] Platform:      darwin
[debug] [2021-05-03T11:18:56.142Z] Node Version:  v14.15.3
[debug] [2021-05-03T11:18:56.143Z] Time:          Mon May 03 2021 16:48:56 GMT+0530 (India Standard Time)
[debug] [2021-05-03T11:18:56.143Z] ----------------------------------------------------------------------
[debug] 
[debug] [2021-05-03T11:18:56.149Z] > command requires scopes: ["email","openid","https://www.googleapis.com/auth/cloudplatformprojects.readonly","https://www.googleapis.com/auth/firebase","https://www.googleapis.com/auth/cloud-platform"]
[debug] [2021-05-03T11:18:56.149Z] > authorizing via signed-in user (kshitijupadhyay26@gmail.com)
[info] 
     ######## #### ########  ######## ########     ###     ######  ########
     ##        ##  ##     ## ##       ##     ##  ##   ##  ##       ##
     ######    ##  ########  ######   ########  #########  ######  ######
     ##        ##  ##    ##  ##       ##     ## ##     ##       ## ##
     ##       #### ##     ## ######## ########  ##     ##  ######  ########

You're about to initialize a Firebase project in this directory:

  /Users/mac/Desktop/App Clones React/covidtracker/covid-19-tracker

Before we get started, keep in mind:

  * You are initializing in an existing Firebase project directory

[info] 
=== Project Setup
[info] 
[info] First, let's associate this project directory with a Firebase project.
[info] You can create multiple project aliases by running firebase use --add, 
[info] but for now we'll just set up a default project.
[info] 
[info] i  .firebaserc already has a default project, using covid-19-tracker-c8063. 
[debug] [2021-05-03T11:19:03.831Z] > refreshing access token with scopes: []
[debug] [2021-05-03T11:19:03.832Z] >>> HTTP REQUEST POST https://www.googleapis.com/oauth2/v3/token  
 <request body omitted>
[debug] [2021-05-03T11:19:04.247Z] <<< HTTP RESPONSE 200 {"pragma":"no-cache","expires":"Mon, 01 Jan 1990 00:00:00 GMT","date":"Mon, 03 May 2021 11:19:04 GMT","cache-control":"no-cache, no-store, max-age=0, must-revalidate","content-type":"application/json; charset=utf-8","vary":"X-Origin, Referer, Origin,Accept-Encoding","server":"scaffolding on HTTPServer2","x-xss-protection":"0","x-frame-options":"SAMEORIGIN","x-content-type-options":"nosniff","alt-svc":"h3-29=\":443\"; ma=2592000,h3-T051=\":443\"; ma=2592000,h3-Q050=\":443\"; ma=2592000,h3-Q046=\":443\"; ma=2592000,h3-Q043=\":443\"; ma=2592000,quic=\":443\"; ma=2592000; v=\"46,43\"","accept-ranges":"none","transfer-encoding":"chunked"}
[debug] [2021-05-03T11:19:04.290Z] >>> [apiv2][query] GET https://firebase.googleapis.com/v1beta1/projects/covid-19-tracker-c8063 [none]
[debug] [2021-05-03T11:19:05.227Z] <<< [apiv2][status] GET https://firebase.googleapis.com/v1beta1/projects/covid-19-tracker-c8063 200
[debug] [2021-05-03T11:19:05.227Z] <<< [apiv2][body] GET https://firebase.googleapis.com/v1beta1/projects/covid-19-tracker-c8063 {"projectId":"covid-19-tracker-c8063","projectNumber":"508831317742","displayName":"Covid 19 Tracker","name":"projects/covid-19-tracker-c8063","resources":{"hostingSite":"covid-19-tracker-c8063"},"state":"ACTIVE"}
[info] 
=== Hosting Setup
[info] 
[info] Your public directory is the folder (relative to your project directory) that
[info] will contain Hosting assets to be uploaded with firebase deploy. If you
[info] have a build process for your assets, use your build's output directory.
[info] 
